<?xml version="1.0" encoding="UTF-8"?>
<!-- Generated by org.testng.reporters.JUnitXMLReporter -->
<testsuite hostname="shashank-PC" ignored="0" name="Error Message validation" tests="1" failures="1" timestamp="19 Mar 2019 10:20:26 GMT" time="16.099" errors="0">
  <testcase name="homePage" time="9.987" classname="CodeAcademy.TitleValidation">
    <failure type="java.lang.AssertionError" message="expected [true] but found [false]">
      <![CDATA[java.lang.AssertionError: expected [true] but found [false]
at CodeAcademy.TitleValidation.homePage(TitleValidation.java:68)
... Removed 29 stack frames]]>
    </failure>
  </testcase> <!-- homePage -->
</testsuite> <!-- Error Message validation -->
