<?xml version="1.0" encoding="UTF-8"?>
<!-- Generated by org.testng.reporters.JUnitXMLReporter -->
<testsuite hostname="shashank-PC" ignored="0" name="Test" tests="4" failures="0" timestamp="19 Mar 2019 01:42:36 GMT" time="51.089" errors="0">
  <testcase name="helpButton" time="1.573" classname="CodeAcademy.HelpValidation"/>
  <testcase name="homePage" time="8.938" classname="CodeAcademy.TitleValidation"/>
  <testcase name="basePageNavigation" time="10.623" classname="CodeAcademy.HomePage"/>
  <testcase name="basePageNavigation" time="10.819" classname="CodeAcademy.HomePage"/>
</testsuite> <!-- Test -->
