<?xml version="1.0" encoding="UTF-8"?>
<testsuite xmlns:xsi="http://www.w3.org/2001/XMLSchema-instance" xsi:noNamespaceSchemaLocation="https://maven.apache.org/surefire/maven-surefire-plugin/xsd/surefire-test-report-3.0.xsd" version="3.0" name="TestSuite" time="52.605" tests="4" errors="0" skipped="0" failures="1">
  <properties>
[...]
</properties>
  <testcase name="helpButton" classname="CodeAcademy.HelpValidation" time="2.265"/>
  <testcase name="homePage" classname="CodeAcademy.TitleValidation" time="9.689">
    <failure message="expected [true] but found [false]" type="java.lang.AssertionError">java.lang.AssertionError: expected [true] but found [false]
	at CodeAcademy.TitleValidation.homePage(TitleValidation.java:68)
</failure>
    <system-out><![CDATA[Text is : Wrong password. Try again or click Forgot password to reset it.
On Test Failure
]]></system-out>
    <system-err><![CDATA[Starting ChromeDriver 2.46.628402 (536cd7adbad73a3783fdc2cab92ab2ba7ec361e1) on port 15665
Only local connections are allowed.
Please protect ports used by ChromeDriver and related test frameworks to prevent access by malicious code.
Mar 19, 2019 9:22:00 PM org.openqa.selenium.remote.ProtocolHandshake createSession
INFO: Detected dialect: OSS
]]></system-err>
  </testcase>
  <testcase name="basePageNavigation" classname="CodeAcademy.HomePage" time="10.312"/>
  <testcase name="basePageNavigation" classname="CodeAcademy.HomePage" time="10.383"/>
</testsuite>