-------------------------------------------------------------------------------
Test set: TestSuite
-------------------------------------------------------------------------------
Tests run: 4, Failures: 1, Errors: 0, Skipped: 0, Time elapsed: 52.605 s <<< FAILURE! - in TestSuite
homePage(CodeAcademy.TitleValidation)  Time elapsed: 9.689 s  <<< FAILURE!
java.lang.AssertionError: expected [true] but found [false]
	at CodeAcademy.TitleValidation.homePage(TitleValidation.java:68)

