<?xml version="1.0" encoding="UTF-8"?>
<testng-results skipped="0" failed="0" ignored="0" total="4" passed="4">
  <reporter-output>
  </reporter-output>
  <suite name="Suite" duration-ms="51392" started-at="2019-03-19T22:54:48Z" finished-at="2019-03-19T22:55:39Z">
    <groups>
    </groups>
    <test name="Help Validation" duration-ms="9150" started-at="2019-03-19T22:54:48Z" finished-at="2019-03-19T22:54:57Z">
      <class name="CodeAcademy.HelpValidation">
        <test-method status="PASS" signature="browserSetup()[pri:0, instance:CodeAcademy.HelpValidation@61df66b6]" name="browserSetup" is-config="true" duration-ms="5265" started-at="2019-03-19T22:54:48Z" finished-at="2019-03-19T22:54:53Z">
          <reporter-output>
          </reporter-output>
        </test-method> <!-- browserSetup -->
        <test-method status="PASS" signature="helpButtonValidation()[pri:0, instance:CodeAcademy.HelpValidation@61df66b6]" name="helpButtonValidation" duration-ms="1540" started-at="2019-03-19T22:54:53Z" finished-at="2019-03-19T22:54:54Z">
          <reporter-output>
          </reporter-output>
        </test-method> <!-- helpButtonValidation -->
        <test-method status="PASS" signature="closeBrowser()[pri:0, instance:CodeAcademy.HelpValidation@61df66b6]" name="closeBrowser" is-config="true" duration-ms="2332" started-at="2019-03-19T22:54:54Z" finished-at="2019-03-19T22:54:57Z">
          <reporter-output>
          </reporter-output>
        </test-method> <!-- closeBrowser -->
      </class> <!-- CodeAcademy.HelpValidation -->
    </test> <!-- Help Validation -->
    <test name="Error Message validation" duration-ms="14909" started-at="2019-03-19T22:54:57Z" finished-at="2019-03-19T22:55:12Z">
      <class name="CodeAcademy.TitleValidation">
        <test-method status="PASS" signature="browserSetup()[pri:0, instance:CodeAcademy.TitleValidation@1d9b7cce]" name="browserSetup" is-config="true" duration-ms="3332" started-at="2019-03-19T22:54:57Z" finished-at="2019-03-19T22:55:00Z">
          <reporter-output>
          </reporter-output>
        </test-method> <!-- browserSetup -->
        <test-method status="PASS" signature="errorMessageValidation(java.lang.String, java.lang.String)[pri:0, instance:CodeAcademy.TitleValidation@1d9b7cce]" name="errorMessageValidation" duration-ms="9235" started-at="2019-03-19T22:55:00Z" data-provider="getData" finished-at="2019-03-19T22:55:09Z">
          <params>
            <param index="0">
              <value>
                <![CDATA[ThisIsUserName3]]>
              </value>
            </param>
            <param index="1">
              <value>
                <![CDATA[ThisisPassword3]]>
              </value>
            </param>
          </params>
          <reporter-output>
          </reporter-output>
        </test-method> <!-- errorMessageValidation -->
        <test-method status="PASS" signature="closeBrowser()[pri:0, instance:CodeAcademy.TitleValidation@1d9b7cce]" name="closeBrowser" is-config="true" duration-ms="2332" started-at="2019-03-19T22:55:09Z" finished-at="2019-03-19T22:55:12Z">
          <reporter-output>
          </reporter-output>
        </test-method> <!-- closeBrowser -->
      </class> <!-- CodeAcademy.TitleValidation -->
    </test> <!-- Error Message validation -->
    <test name="Validating the home page" duration-ms="27293" started-at="2019-03-19T22:55:12Z" finished-at="2019-03-19T22:55:39Z">
      <class name="CodeAcademy.HomePage">
        <test-method status="PASS" signature="browserSetup()[pri:0, instance:CodeAcademy.HomePage@1a451d4d]" name="browserSetup" is-config="true" duration-ms="3366" started-at="2019-03-19T22:55:12Z" finished-at="2019-03-19T22:55:15Z">
          <reporter-output>
          </reporter-output>
        </test-method> <!-- browserSetup -->
        <test-method status="PASS" signature="basePageNavigation(java.lang.String, java.lang.String, java.lang.String)[pri:0, instance:CodeAcademy.HomePage@1a451d4d]" name="basePageNavigation" duration-ms="11048" started-at="2019-03-19T22:55:15Z" data-provider="getData" finished-at="2019-03-19T22:55:26Z">
          <params>
            <param index="0">
              <value>
                <![CDATA[ThisIsUserName1]]>
              </value>
            </param>
            <param index="1">
              <value>
                <![CDATA[ThisisPassword1]]>
              </value>
            </param>
            <param index="2">
              <value>
                <![CDATA[Trial-1]]>
              </value>
            </param>
          </params>
          <reporter-output>
          </reporter-output>
        </test-method> <!-- basePageNavigation -->
        <test-method status="PASS" signature="basePageNavigation(java.lang.String, java.lang.String, java.lang.String)[pri:0, instance:CodeAcademy.HomePage@1a451d4d]" name="basePageNavigation" duration-ms="10533" started-at="2019-03-19T22:55:26Z" data-provider="getData" finished-at="2019-03-19T22:55:37Z">
          <params>
            <param index="0">
              <value>
                <![CDATA[ThisIsUserName2]]>
              </value>
            </param>
            <param index="1">
              <value>
                <![CDATA[ThisisPassword2]]>
              </value>
            </param>
            <param index="2">
              <value>
                <![CDATA[Trial-2]]>
              </value>
            </param>
          </params>
          <reporter-output>
          </reporter-output>
        </test-method> <!-- basePageNavigation -->
        <test-method status="PASS" signature="closebrowser()[pri:0, instance:CodeAcademy.HomePage@1a451d4d]" name="closebrowser" is-config="true" duration-ms="2336" started-at="2019-03-19T22:55:37Z" finished-at="2019-03-19T22:55:39Z">
          <reporter-output>
          </reporter-output>
        </test-method> <!-- closebrowser -->
      </class> <!-- CodeAcademy.HomePage -->
    </test> <!-- Validating the home page -->
  </suite> <!-- Suite -->
</testng-results>
