<?xml version="1.0" encoding="UTF-8"?>
<testng-results skipped="0" failed="0" ignored="0" total="4" passed="4">
  <reporter-output>
  </reporter-output>
  <suite name="Suite" duration-ms="51506" started-at="2019-03-19T22:44:29Z" finished-at="2019-03-19T22:45:21Z">
    <groups>
    </groups>
    <test name="Help Validation" duration-ms="9447" started-at="2019-03-19T22:44:29Z" finished-at="2019-03-19T22:44:39Z">
      <class name="CodeAcademy.HelpValidation">
        <test-method status="PASS" signature="browserSetup()[pri:0, instance:CodeAcademy.HelpValidation@42a48628]" name="browserSetup" is-config="true" duration-ms="5400" started-at="2019-03-19T22:44:29Z" finished-at="2019-03-19T22:44:35Z">
          <reporter-output>
          </reporter-output>
        </test-method> <!-- browserSetup -->
        <test-method status="PASS" signature="helpButtonValidation()[pri:0, instance:CodeAcademy.HelpValidation@42a48628]" name="helpButtonValidation" duration-ms="1703" started-at="2019-03-19T22:44:35Z" finished-at="2019-03-19T22:44:36Z">
          <reporter-output>
          </reporter-output>
        </test-method> <!-- helpButtonValidation -->
        <test-method status="PASS" signature="closeBrowser()[pri:0, instance:CodeAcademy.HelpValidation@42a48628]" name="closeBrowser" is-config="true" duration-ms="2329" started-at="2019-03-19T22:44:36Z" finished-at="2019-03-19T22:44:39Z">
          <reporter-output>
          </reporter-output>
        </test-method> <!-- closeBrowser -->
      </class> <!-- CodeAcademy.HelpValidation -->
    </test> <!-- Help Validation -->
    <test name="Error Message validation" duration-ms="14588" started-at="2019-03-19T22:44:39Z" finished-at="2019-03-19T22:44:53Z">
      <class name="CodeAcademy.TitleValidation">
        <test-method status="PASS" signature="browserSetup()[pri:0, instance:CodeAcademy.TitleValidation@55182842]" name="browserSetup" is-config="true" duration-ms="3396" started-at="2019-03-19T22:44:39Z" finished-at="2019-03-19T22:44:42Z">
          <reporter-output>
          </reporter-output>
        </test-method> <!-- browserSetup -->
        <test-method status="PASS" signature="errorMessageValidation(java.lang.String, java.lang.String)[pri:0, instance:CodeAcademy.TitleValidation@55182842]" name="errorMessageValidation" duration-ms="8856" started-at="2019-03-19T22:44:42Z" data-provider="getData" finished-at="2019-03-19T22:44:51Z">
          <params>
            <param index="0">
              <value>
                <![CDATA[ThisIsUserName3]]>
              </value>
            </param>
            <param index="1">
              <value>
                <![CDATA[ThisisPassword3]]>
              </value>
            </param>
          </params>
          <reporter-output>
          </reporter-output>
        </test-method> <!-- errorMessageValidation -->
        <test-method status="PASS" signature="closeBrowser()[pri:0, instance:CodeAcademy.TitleValidation@55182842]" name="closeBrowser" is-config="true" duration-ms="2336" started-at="2019-03-19T22:44:51Z" finished-at="2019-03-19T22:44:53Z">
          <reporter-output>
          </reporter-output>
        </test-method> <!-- closeBrowser -->
      </class> <!-- CodeAcademy.TitleValidation -->
    </test> <!-- Error Message validation -->
    <test name="Validating the home page" duration-ms="27421" started-at="2019-03-19T22:44:53Z" finished-at="2019-03-19T22:45:21Z">
      <class name="CodeAcademy.HomePage">
        <test-method status="PASS" signature="browserSetup()[pri:0, instance:CodeAcademy.HomePage@73a1e9a9]" name="browserSetup" is-config="true" duration-ms="3375" started-at="2019-03-19T22:44:53Z" finished-at="2019-03-19T22:44:57Z">
          <reporter-output>
          </reporter-output>
        </test-method> <!-- browserSetup -->
        <test-method status="PASS" signature="basePageNavigation(java.lang.String, java.lang.String, java.lang.String)[pri:0, instance:CodeAcademy.HomePage@73a1e9a9]" name="basePageNavigation" duration-ms="11356" started-at="2019-03-19T22:44:57Z" data-provider="getData" finished-at="2019-03-19T22:45:08Z">
          <params>
            <param index="0">
              <value>
                <![CDATA[ThisIsUserName1]]>
              </value>
            </param>
            <param index="1">
              <value>
                <![CDATA[ThisisPassword1]]>
              </value>
            </param>
            <param index="2">
              <value>
                <![CDATA[Trial-1]]>
              </value>
            </param>
          </params>
          <reporter-output>
          </reporter-output>
        </test-method> <!-- basePageNavigation -->
        <test-method status="PASS" signature="basePageNavigation(java.lang.String, java.lang.String, java.lang.String)[pri:0, instance:CodeAcademy.HomePage@73a1e9a9]" name="basePageNavigation" duration-ms="10345" started-at="2019-03-19T22:45:08Z" data-provider="getData" finished-at="2019-03-19T22:45:18Z">
          <params>
            <param index="0">
              <value>
                <![CDATA[ThisIsUserName2]]>
              </value>
            </param>
            <param index="1">
              <value>
                <![CDATA[ThisisPassword2]]>
              </value>
            </param>
            <param index="2">
              <value>
                <![CDATA[Trial-2]]>
              </value>
            </param>
          </params>
          <reporter-output>
          </reporter-output>
        </test-method> <!-- basePageNavigation -->
        <test-method status="PASS" signature="closebrowser()[pri:0, instance:CodeAcademy.HomePage@73a1e9a9]" name="closebrowser" is-config="true" duration-ms="2345" started-at="2019-03-19T22:45:18Z" finished-at="2019-03-19T22:45:21Z">
          <reporter-output>
          </reporter-output>
        </test-method> <!-- closebrowser -->
      </class> <!-- CodeAcademy.HomePage -->
    </test> <!-- Validating the home page -->
  </suite> <!-- Suite -->
</testng-results>
